This is XeTeX, Version 3.141592653-2.6-0.999993 (TeX Live 2021/W32TeX) (preloaded format=xelatex 2022.1.28)  28 JAN 2022 10:34
entering extended mode
 restricted \write18 enabled.
 %&-line parsing enabled.
**StAndrewsTemplate.tex
(./StAndrewsTemplate.tex
LaTeX2e <2021-11-15> patch level 1
L3 programming layer <2022-01-21> (./krantz.cls
Document Class: krantz 2005/09/16 v1.4f Standard LaTeX document class
(c:/Users/lass/AppData/Roaming/TinyTeX/texmf-dist/tex/latex/base/bk10.clo
File: bk10.clo 2021/10/04 v1.4n Standard LaTeX file (size option)
)
\trimheight=\dimen138
\trimwidth=\dimen139
\normaltextheight=\dimen140
\tempa=\dimen141
\tempdimen=\dimen142
\htrim=\dimen143
\vtrimtop=\dimen144
\vtrimbot=\dimen145
\ul@box=\box50
\ur@box=\box51
\ll@box=\box52
\lr@box=\box53
\@cipboxa=\box54
\@cipboxb=\box55
\@ciprulewidth=\dimen146
\c@part=\count181
\c@chapter=\count182
\c@section=\count183
\c@subsection=\count184
\c@subsubsection=\count185
\c@paragraph=\count186
\c@subparagraph=\count187
\secwd=\dimen147
\subsecwd=\dimen148
\subsubsecwd=\dimen149
\c@figure=\count188
\c@table=\count189
\abovecaptionskip=\skip47
\belowcaptionskip=\skip48
\c@numauthors=\count190
\section@toc@skip=\skip49
\SectionTOCWidth=\skip50
\subsection@toc@skip=\skip51
\SubSectionTOCWidth=\skip52
\subsubsection@toc@skip=\skip53
\SubSubSectionTOCWidth=\skip54
\paragraph@toc@skip=\skip55
\ParagraphTOCWidth=\skip56
\subparagraph@toc@skip=\skip57
\@AUonebox=\box56
\@AUtwobox=\box57
\@AUthreebox=\box58
\@AUfourbox=\box59
\@AUaffonebox=\box60
\@AUafftwobox=\box61
\@AUaffthreebox=\box62
\@AUafffourbox=\box63
\@finalAUboxfromone=\box64
\@finalAUboxfromtwo=\box65
\@finalAUboxfromthree=\box66
\@finalAUboxfromfour=\box67
\c@chaptocdepth=\count191
\bibindent=\dimen150
\tempbox=\box68
\nomenwidth=\dimen151
\@tablebox=\box69
\@tabletitlebox=\box70
\@tablewidth=\dimen152
\@tabletitlewidth=\dimen153
\max@tablewidth=\dimen154
\tempbox=\box71
\tempdimen=\dimen155
\tempbox=\box72
\notewidth=\dimen156
\wherebox=\box73
\wherewidth=\dimen157
\listtextleftmargin=\skip58
\listtextleftmarginii=\skip59
\listtextleftmarginiii=\skip60
\listtextrightmargin=\skip61
\listlabelleftskip=\skip62
\listlabelleftskipii=\skip63
\listlabelleftskipiii=\skip64
\abovelistskipi=\skip65
\belowlistskipi=\skip66
\abovelistskipii=\skip67
\belowlistskipii=\skip68
\abovelistskipiii=\skip69
\belowlistskipiii=\skip70
\labelsepi=\skip71
\labelsepii=\skip72
\labelsepiii=\skip73
\itemsepi=\skip74
\itemsepii=\skip75
\itemsepiii=\skip76
\enumdimwd=\dimen158
\enumdim=\dimen159
\concolwidth=\dimen160
\stempbox=\box74
) (c:/Users/lass/AppData/Roaming/TinyTeX/texmf-dist/tex/latex/lm/lmodern.sty
Package: lmodern 2015/05/01 v1.6.1 Latin Modern Fonts
LaTeX Font Info:    Overwriting symbol font `operators' in version `normal'
(Font)                  OT1/cmr/m/n --> OT1/lmr/m/n on input line 22.
LaTeX Font Info:    Overwriting symbol font `letters' in version `normal'
(Font)                  OML/cmm/m/it --> OML/lmm/m/it on input line 23.
LaTeX Font Info:    Overwriting symbol font `symbols' in version `normal'
(Font)                  OMS/cmsy/m/n --> OMS/lmsy/m/n on input line 24.
LaTeX Font Info:    Overwriting symbol font `largesymbols' in version `normal'
(Font)                  OMX/cmex/m/n --> OMX/lmex/m/n on input line 25.
LaTeX Font Info:    Overwriting symbol font `operators' in version `bold'
(Font)                  OT1/cmr/bx/n --> OT1/lmr/bx/n on input line 26.
LaTeX Font Info:    Overwriting symbol font `letters' in version `bold'
(Font)                  OML/cmm/b/it --> OML/lmm/b/it on input line 27.
LaTeX Font Info:    Overwriting symbol font `symbols' in version `bold'
(Font)                  OMS/cmsy/b/n --> OMS/lmsy/b/n on input line 28.
LaTeX Font Info:    Overwriting symbol font `largesymbols' in version `bold'
(Font)                  OMX/cmex/m/n --> OMX/lmex/m/n on input line 29.
LaTeX Font Info:    Overwriting math alphabet `\mathbf' in version `normal'
(Font)                  OT1/cmr/bx/n --> OT1/lmr/bx/n on input line 31.
LaTeX Font Info:    Overwriting math alphabet `\mathsf' in version `normal'
(Font)                  OT1/cmss/m/n --> OT1/lmss/m/n on input line 32.
LaTeX Font Info:    Overwriting math alphabet `\mathit' in version `normal'
(Font)                  OT1/cmr/m/it --> OT1/lmr/m/it on input line 33.
LaTeX Font Info:    Overwriting math alphabet `\mathtt' in version `normal'
(Font)                  OT1/cmtt/m/n --> OT1/lmtt/m/n on input line 34.
LaTeX Font Info:    Overwriting math alphabet `\mathbf' in version `bold'
(Font)                  OT1/cmr/bx/n --> OT1/lmr/bx/n on input line 35.
LaTeX Font Info:    Overwriting math alphabet `\mathsf' in version `bold'
(Font)                  OT1/cmss/bx/n --> OT1/lmss/bx/n on input line 36.
LaTeX Font Info:    Overwriting math alphabet `\mathit' in version `bold'
(Font)                  OT1/cmr/bx/it --> OT1/lmr/bx/it on input line 37.
LaTeX Font Info:    Overwriting math alphabet `\mathtt' in version `bold'
(Font)                  OT1/cmtt/m/n --> OT1/lmtt/m/n on input line 38.
)
(c:/Users/lass/AppData/Roaming/TinyTeX/texmf-dist/tex/latex/amsmath/amsmath.sty
Package: amsmath 2021/10/15 v2.17l AMS math features
\@mathmargin=\skip77
For additional information on amsmath, use the `?' option.

(c:/Users/lass/AppData/Roaming/TinyTeX/texmf-dist/tex/latex/amsmath/amstext.sty
Package: amstext 2021/08/26 v2.01 AMS text
(c:/Users/lass/AppData/Roaming/TinyTeX/texmf-dist/tex/latex/amsmath/amsgen.sty
File: amsgen.sty 1999/11/30 v2.0 generic functions
\@emptytoks=\toks16
\ex@=\dimen161
)) (c:/Users/lass/AppData/Roaming/TinyTeX/texmf-dist/tex/latex/amsmath/amsbsy.s
ty
Package: amsbsy 1999/11/29 v1.2d Bold Symbols
\pmbraise@=\dimen162
) (c:/Users/lass/AppData/Roaming/TinyTeX/texmf-dist/tex/latex/amsmath/amsopn.st
y
Package: amsopn 2021/08/26 v2.02 operator names
)
\inf@bad=\count192
LaTeX Info: Redefining \frac on input line 234.
\uproot@=\count193
\leftroot@=\count194
LaTeX Info: Redefining \overline on input line 399.
\classnum@=\count195
\DOTSCASE@=\count196
LaTeX Info: Redefining \ldots on input line 496.
LaTeX Info: Redefining \dots on input line 499.
LaTeX Info: Redefining \cdots on input line 620.
\Mathstrutbox@=\box75
\strutbox@=\box76
\big@size=\dimen163
LaTeX Font Info:    Redeclaring font encoding OML on input line 743.
LaTeX Font Info:    Redeclaring font encoding OMS on input line 744.
\macc@depth=\count197
\c@MaxMatrixCols=\count198
\dotsspace@=\muskip16
\c@parentequation=\count199
\dspbrk@lvl=\count266
\tag@help=\toks17
\row@=\count267
\column@=\count268
\maxfields@=\count269
\andhelp@=\toks18
\eqnshift@=\dimen164
\alignsep@=\dimen165
\tagshift@=\dimen166
\tagwidth@=\dimen167
\totwidth@=\dimen168
\lineht@=\dimen169
\@envbody=\toks19
\multlinegap=\skip78
\multlinetaggap=\skip79
\mathdisplay@stack=\toks20
LaTeX Info: Redefining \[ on input line 2938.
LaTeX Info: Redefining \] on input line 2939.
)
(c:/Users/lass/AppData/Roaming/TinyTeX/texmf-dist/tex/generic/iftex/ifxetex.sty
Package: ifxetex 2019/10/25 v0.7 ifxetex legacy package. Use iftex instead.
(c:/Users/lass/AppData/Roaming/TinyTeX/texmf-dist/tex/generic/iftex/iftex.sty
Package: iftex 2020/03/06 v1.0d TeX engine tests
))
(c:/Users/lass/AppData/Roaming/TinyTeX/texmf-dist/tex/generic/iftex/ifluatex.st
y
Package: ifluatex 2019/10/25 v1.5 ifluatex legacy package. Use iftex instead.
)
(c:/Users/lass/AppData/Roaming/TinyTeX/texmf-dist/tex/latex/unicode-math/unicod
e-math.sty (c:/Users/lass/AppData/Roaming/TinyTeX/texmf-dist/tex/latex/l3kernel
/expl3.sty
Package: expl3 2022-01-21 L3 programming layer (loader) 

(c:/Users/lass/AppData/Roaming/TinyTeX/texmf-dist/tex/latex/l3backend/l3backend
-xetex.def
File: l3backend-xetex.def 2022-01-12 L3 backend support: XeTeX
(|extractbb --version)
\c__kernel_sys_dvipdfmx_version_int=\count270
\l__color_backend_stack_int=\count271
\g__color_backend_stack_int=\count272
\g__graphics_track_int=\count273
\l__pdf_internal_box=\box77
\g__pdf_backend_object_int=\count274
\g__pdf_backend_annotation_int=\count275
\g__pdf_backend_link_int=\count276
))
Package: unicode-math 2020/01/31 v0.8q Unicode maths in XeLaTeX and LuaLaTeX

(c:/Users/lass/AppData/Roaming/TinyTeX/texmf-dist/tex/latex/unicode-math/unicod
e-math-xetex.sty
Package: unicode-math-xetex 2020/01/31 v0.8q Unicode maths in XeLaTeX and LuaLa
TeX

(c:/Users/lass/AppData/Roaming/TinyTeX/texmf-dist/tex/latex/l3packages/xparse/x
parse.sty
Package: xparse 2022-01-12 L3 Experimental document command parser
)
(c:/Users/lass/AppData/Roaming/TinyTeX/texmf-dist/tex/latex/l3packages/l3keys2e
/l3keys2e.sty
Package: l3keys2e 2022-01-12 LaTeX2e option processing using LaTeX3 keys
)
(c:/Users/lass/AppData/Roaming/TinyTeX/texmf-dist/tex/latex/fontspec/fontspec.s
ty
Package: fontspec 2022/01/15 v2.8a Font selection for XeLaTeX and LuaLaTeX

(c:/Users/lass/AppData/Roaming/TinyTeX/texmf-dist/tex/latex/fontspec/fontspec-x
etex.sty
Package: fontspec-xetex 2022/01/15 v2.8a Font selection for XeLaTeX and LuaLaTe
X
\l__fontspec_script_int=\count277
\l__fontspec_language_int=\count278
\l__fontspec_strnum_int=\count279
\l__fontspec_tmp_int=\count280
\l__fontspec_tmpa_int=\count281
\l__fontspec_tmpb_int=\count282
\l__fontspec_tmpc_int=\count283
\l__fontspec_em_int=\count284
\l__fontspec_emdef_int=\count285
\l__fontspec_strong_int=\count286
\l__fontspec_strongdef_int=\count287
\l__fontspec_tmpa_dim=\dimen170
\l__fontspec_tmpb_dim=\dimen171
\l__fontspec_tmpc_dim=\dimen172
(c:/Users/lass/AppData/Roaming/TinyTeX/texmf-dist/tex/latex/base/fontenc.sty
Package: fontenc 2021/04/29 v2.0v Standard LaTeX package
)
(c:/Users/lass/AppData/Roaming/TinyTeX/texmf-dist/tex/latex/fontspec/fontspec.c
fg))) (c:/Users/lass/AppData/Roaming/TinyTeX/texmf-dist/tex/latex/base/fix-cm.s
ty
Package: fix-cm 2020/11/24 v1.1t fixes to LaTeX
(c:/Users/lass/AppData/Roaming/TinyTeX/texmf-dist/tex/latex/base/ts1enc.def
File: ts1enc.def 2001/06/05 v3.0e (jk/car/fm) Standard LaTeX file
LaTeX Font Info:    Redeclaring font encoding TS1 on input line 47.
))
\g__um_fam_int=\count288
\g__um_fonts_used_int=\count289
\l__um_primecount_int=\count290
\g__um_primekern_muskip=\muskip17

(c:/Users/lass/AppData/Roaming/TinyTeX/texmf-dist/tex/latex/unicode-math/unicod
e-math-table.tex))) (c:/Users/lass/AppData/Roaming/TinyTeX/texmf-dist/tex/latex
/xcolor/xcolor.sty
Package: xcolor 2021/10/31 v2.13 LaTeX color extensions (UK)

(c:/Users/lass/AppData/Roaming/TinyTeX/texmf-dist/tex/latex/graphics-cfg/color.
cfg
File: color.cfg 2016/01/02 v1.6 sample color configuration
)
Package xcolor Info: Driver file: xetex.def on input line 227.

(c:/Users/lass/AppData/Roaming/TinyTeX/texmf-dist/tex/latex/graphics-def/xetex.
def
File: xetex.def 2021/03/18 v5.0k Graphics/color driver for xetex
)
Package xcolor Info: Model `cmy' substituted by `cmy0' on input line 1352.
Package xcolor Info: Model `RGB' extended on input line 1368.
Package xcolor Info: Model `HTML' substituted by `rgb' on input line 1370.
Package xcolor Info: Model `Hsb' substituted by `hsb' on input line 1371.
Package xcolor Info: Model `tHsb' substituted by `hsb' on input line 1372.
Package xcolor Info: Model `HSB' substituted by `hsb' on input line 1373.
Package xcolor Info: Model `Gray' substituted by `gray' on input line 1374.
Package xcolor Info: Model `wave' substituted by `hsb' on input line 1375.

(c:/Users/lass/AppData/Roaming/TinyTeX/texmf-dist/tex/latex/graphics/dvipsnam.d
ef
File: dvipsnam.def 2016/06/17 v3.0m Driver-dependent file (DPC,SPQR)
) (c:/Users/lass/AppData/Roaming/TinyTeX/texmf-dist/tex/latex/xcolor/svgnam.def
File: svgnam.def 2021/10/31 v2.13 Predefined colors according to SVG 1.1 (UK)
) (c:/Users/lass/AppData/Roaming/TinyTeX/texmf-dist/tex/latex/xcolor/x11nam.def
File: x11nam.def 2021/10/31 v2.13 Predefined colors according to Unix/X11 (UK)
))
(c:/Users/lass/AppData/Roaming/TinyTeX/texmf-dist/tex/latex/hyperref/hyperref.s
ty
Package: hyperref 2021-06-07 v7.00m Hypertext links for LaTeX

(c:/Users/lass/AppData/Roaming/TinyTeX/texmf-dist/tex/generic/ltxcmds/ltxcmds.s
ty
Package: ltxcmds 2020-05-10 v1.25 LaTeX kernel commands for general use (HO)
)
(c:/Users/lass/AppData/Roaming/TinyTeX/texmf-dist/tex/generic/pdftexcmds/pdftex
cmds.sty
Package: pdftexcmds 2020-06-27 v0.33 Utility functions of pdfTeX for LuaTeX (HO
)

(c:/Users/lass/AppData/Roaming/TinyTeX/texmf-dist/tex/generic/infwarerr/infware
rr.sty
Package: infwarerr 2019/12/03 v1.5 Providing info/warning/error messages (HO)
)
Package pdftexcmds Info: \pdf@primitive is available.
Package pdftexcmds Info: \pdf@ifprimitive is available.
Package pdftexcmds Info: \pdfdraftmode not found.
)
(c:/Users/lass/AppData/Roaming/TinyTeX/texmf-dist/tex/latex/graphics/keyval.sty
Package: keyval 2014/10/28 v1.15 key=value parser (DPC)
\KV@toks@=\toks21
)
(c:/Users/lass/AppData/Roaming/TinyTeX/texmf-dist/tex/generic/kvsetkeys/kvsetke
ys.sty
Package: kvsetkeys 2019/12/15 v1.18 Key value parser (HO)
)
(c:/Users/lass/AppData/Roaming/TinyTeX/texmf-dist/tex/generic/kvdefinekeys/kvde
finekeys.sty
Package: kvdefinekeys 2019-12-19 v1.6 Define keys (HO)
)
(c:/Users/lass/AppData/Roaming/TinyTeX/texmf-dist/tex/generic/pdfescape/pdfesca
pe.sty
Package: pdfescape 2019/12/09 v1.15 Implements pdfTeX's escape features (HO)
)
(c:/Users/lass/AppData/Roaming/TinyTeX/texmf-dist/tex/latex/hycolor/hycolor.sty
Package: hycolor 2020-01-27 v1.10 Color options for hyperref/bookmark (HO)
)
(c:/Users/lass/AppData/Roaming/TinyTeX/texmf-dist/tex/latex/letltxmacro/letltxm
acro.sty
Package: letltxmacro 2019/12/03 v1.6 Let assignment for LaTeX macros (HO)
)
(c:/Users/lass/AppData/Roaming/TinyTeX/texmf-dist/tex/latex/auxhook/auxhook.sty
Package: auxhook 2019-12-17 v1.6 Hooks for auxiliary files (HO)
)
(c:/Users/lass/AppData/Roaming/TinyTeX/texmf-dist/tex/latex/kvoptions/kvoptions
.sty
Package: kvoptions 2020-10-07 v3.14 Key value format for package options (HO)
)
\@linkdim=\dimen173
\Hy@linkcounter=\count291
\Hy@pagecounter=\count292

(c:/Users/lass/AppData/Roaming/TinyTeX/texmf-dist/tex/latex/hyperref/pd1enc.def
File: pd1enc.def 2021-06-07 v7.00m Hyperref: PDFDocEncoding definition (HO)
)
(c:/Users/lass/AppData/Roaming/TinyTeX/texmf-dist/tex/latex/hyperref/hyperref-l
angpatches.def
File: hyperref-langpatches.def 2021-06-07 v7.00m Hyperref: patches for babel la
nguages
)
(c:/Users/lass/AppData/Roaming/TinyTeX/texmf-dist/tex/generic/intcalc/intcalc.s
ty
Package: intcalc 2019/12/15 v1.3 Expandable calculations with integers (HO)
)
(c:/Users/lass/AppData/Roaming/TinyTeX/texmf-dist/tex/generic/etexcmds/etexcmds
.sty
Package: etexcmds 2019/12/15 v1.7 Avoid name clashes with e-TeX commands (HO)
)
\Hy@SavedSpaceFactor=\count293
(c:/Users/lass/AppData/Roaming/TinyTeX/texmf-dist/tex/latex/hyperref/puenc.def
File: puenc.def 2021-06-07 v7.00m Hyperref: PDF Unicode definition (HO)
)
Package hyperref Info: Option `unicode' set `true' on input line 4073.
Package hyperref Info: Hyper figures OFF on input line 4192.
Package hyperref Info: Link nesting OFF on input line 4197.
Package hyperref Info: Hyper index ON on input line 4200.
Package hyperref Info: Plain pages OFF on input line 4207.
Package hyperref Info: Backreferencing OFF on input line 4212.
Package hyperref Info: Implicit mode ON; LaTeX internals redefined.
Package hyperref Info: Bookmarks ON on input line 4445.
\c@Hy@tempcnt=\count294
(c:/Users/lass/AppData/Roaming/TinyTeX/texmf-dist/tex/latex/url/url.sty
\Urlmuskip=\muskip18
Package: url 2013/09/16  ver 3.4  Verb mode for urls, etc.
)
LaTeX Info: Redefining \url on input line 4804.
\XeTeXLinkMargin=\dimen174

(c:/Users/lass/AppData/Roaming/TinyTeX/texmf-dist/tex/generic/bitset/bitset.sty
Package: bitset 2019/12/09 v1.3 Handle bit-vector datatype (HO)

(c:/Users/lass/AppData/Roaming/TinyTeX/texmf-dist/tex/generic/bigintcalc/bigint
calc.sty
Package: bigintcalc 2019/12/15 v1.5 Expandable calculations on big integers (HO
)
))
\Fld@menulength=\count295
\Field@Width=\dimen175
\Fld@charsize=\dimen176
Package hyperref Info: Hyper figures OFF on input line 6076.
Package hyperref Info: Link nesting OFF on input line 6081.
Package hyperref Info: Hyper index ON on input line 6084.
Package hyperref Info: backreferencing OFF on input line 6091.
Package hyperref Info: Link coloring OFF on input line 6096.
Package hyperref Info: Link coloring with OCG OFF on input line 6101.
Package hyperref Info: PDF/A mode OFF on input line 6106.
LaTeX Info: Redefining \ref on input line 6146.
LaTeX Info: Redefining \pageref on input line 6150.

(c:/Users/lass/AppData/Roaming/TinyTeX/texmf-dist/tex/latex/base/atbegshi-ltx.s
ty
Package: atbegshi-ltx 2021/01/10 v1.0c Emulation of the original atbegshi
package with kernel methods
)
\Hy@abspage=\count296
\c@Item=\count297
\c@Hfootnote=\count298
)
Package hyperref Info: Driver (autodetected): hxetex.

(c:/Users/lass/AppData/Roaming/TinyTeX/texmf-dist/tex/latex/hyperref/hxetex.def
File: hxetex.def 2021-06-07 v7.00m Hyperref driver for XeTeX

(c:/Users/lass/AppData/Roaming/TinyTeX/texmf-dist/tex/generic/stringenc/stringe
nc.sty
Package: stringenc 2019/11/29 v1.12 Convert strings between diff. encodings (HO
)
)
\pdfm@box=\box78
\c@Hy@AnnotLevel=\count299
\HyField@AnnotCount=\count300
\Fld@listcount=\count301
\c@bookmark@seq@number=\count302

(c:/Users/lass/AppData/Roaming/TinyTeX/texmf-dist/tex/latex/rerunfilecheck/reru
nfilecheck.sty
Package: rerunfilecheck 2019/12/05 v1.9 Rerun checks for auxiliary files (HO)

(c:/Users/lass/AppData/Roaming/TinyTeX/texmf-dist/tex/latex/base/atveryend-ltx.
sty
Package: atveryend-ltx 2020/08/19 v1.0a Emulation of the original atveryend pac
kage
with kernel methods
)
(c:/Users/lass/AppData/Roaming/TinyTeX/texmf-dist/tex/generic/uniquecounter/uni
quecounter.sty
Package: uniquecounter 2019/12/15 v1.4 Provide unlimited unique counter (HO)
)
Package uniquecounter Info: New unique counter `rerunfilecheck' on input line 2
86.
)
\Hy@SectionHShift=\skip80
)
Package hyperref Info: Option `colorlinks' set `true' on input line 50.

(c:/Users/lass/AppData/Roaming/TinyTeX/texmf-dist/tex/latex/fancyvrb/fancyvrb.s
ty
Package: fancyvrb 2021/12/21 4.1b verbatim text (tvz,hv)
\FV@CodeLineNo=\count303
\FV@InFile=\read2
\FV@TabBox=\box79
\c@FancyVerbLine=\count304
\FV@StepNumber=\count305
\FV@OutFile=\write3
) (c:/Users/lass/AppData/Roaming/TinyTeX/texmf-dist/tex/latex/framed/framed.sty
Package: framed 2011/10/22 v 0.96: framed or shaded text with page breaks
\OuterFrameSep=\skip81
\fb@frw=\dimen177
\fb@frh=\dimen178
\FrameRule=\dimen179
\FrameSep=\dimen180
)
(c:/Users/lass/AppData/Roaming/TinyTeX/texmf-dist/tex/latex/tools/longtable.sty
Package: longtable 2021-09-01 v4.17 Multi-page Table package (DPC)
\LTleft=\skip82
\LTright=\skip83
\LTpre=\skip84
\LTpost=\skip85
\LTchunksize=\count306
\LTcapwidth=\dimen181
\LT@head=\box80
\LT@firsthead=\box81
\LT@foot=\box82
\LT@lastfoot=\box83
\LT@gbox=\box84
\LT@cols=\count307
\LT@rows=\count308
\c@LT@tables=\count309
\c@LT@chunks=\count310
\LT@p@ftn=\toks22
)
(c:/Users/lass/AppData/Roaming/TinyTeX/texmf-dist/tex/latex/booktabs/booktabs.s
ty
Package: booktabs 2020/01/12 v1.61803398 Publication quality tables
\heavyrulewidth=\dimen182
\lightrulewidth=\dimen183
\cmidrulewidth=\dimen184
\belowrulesep=\dimen185
\belowbottomsep=\dimen186
\aboverulesep=\dimen187
\abovetopsep=\dimen188
\cmidrulesep=\dimen189
\cmidrulekern=\dimen190
\defaultaddspace=\dimen191
\@cmidla=\count311
\@cmidlb=\count312
\@aboverulesep=\dimen192
\@belowrulesep=\dimen193
\@thisruleclass=\count313
\@lastruleclass=\count314
\@thisrulewidth=\dimen194
) (c:/Users/lass/AppData/Roaming/TinyTeX/texmf-dist/tex/latex/tools/calc.sty
Package: calc 2017/05/25 v4.3 Infix arithmetic (KKT,FJ)
\calc@Acount=\count315
\calc@Bcount=\count316
\calc@Adimen=\dimen195
\calc@Bdimen=\dimen196
\calc@Askip=\skip86
\calc@Bskip=\skip87
LaTeX Info: Redefining \setlength on input line 80.
LaTeX Info: Redefining \addtolength on input line 81.
\calc@Ccount=\count317
\calc@Cskip=\skip88
)
(c:/Users/lass/AppData/Roaming/TinyTeX/texmf-dist/tex/latex/etoolbox/etoolbox.s
ty
Package: etoolbox 2020/10/05 v2.5k e-TeX tools for LaTeX (JAW)
\etb@tempcnta=\count318
)
(c:/Users/lass/AppData/Roaming/TinyTeX/texmf-dist/tex/latex/mdwtools/footnote.s
ty
Package: footnote 1997/01/28 1.13 Save footnotes around boxes
\fn@notes=\box85
\fn@width=\dimen197
)
(c:/Users/lass/AppData/Roaming/TinyTeX/texmf-dist/tex/latex/graphics/graphicx.s
ty
Package: graphicx 2021/09/16 v1.2d Enhanced LaTeX Graphics (DPC,SPQR)

(c:/Users/lass/AppData/Roaming/TinyTeX/texmf-dist/tex/latex/graphics/graphics.s
ty
Package: graphics 2021/03/04 v1.4d Standard LaTeX Graphics (DPC,SPQR)
(c:/Users/lass/AppData/Roaming/TinyTeX/texmf-dist/tex/latex/graphics/trig.sty
Package: trig 2021/08/11 v1.11 sin cos tan (DPC)
)
(c:/Users/lass/AppData/Roaming/TinyTeX/texmf-dist/tex/latex/graphics-cfg/graphi
cs.cfg
File: graphics.cfg 2016/06/04 v1.11 sample graphics configuration
)
Package graphics Info: Driver file: xetex.def on input line 107.
)
\Gin@req@height=\dimen198
\Gin@req@width=\dimen199
) (c:/Users/lass/AppData/Roaming/TinyTeX/texmf-dist/tex/latex/amscls/amsthm.sty
Package: amsthm 2020/05/29 v2.20.6
\thm@style=\toks23
\thm@bodyfont=\toks24
\thm@headfont=\toks25
\thm@notefont=\toks26
\thm@headpunct=\toks27
\thm@preskip=\skip89
\thm@postskip=\skip90
\thm@headsep=\skip91
\dth@everypar=\toks28
) (c:/Users/lass/AppData/Roaming/TinyTeX/texmf-dist/tex/latex/float/float.sty
Package: float 2001/11/08 v1.3d Float enhancements (AL)
\c@float@type=\count319
\float@exts=\toks29
\float@box=\box86
\@float@everytoks=\toks30
\@floatcapt=\box87
) (c:/Users/lass/AppData/Roaming/TinyTeX/texmf-dist/tex/latex/base/makeidx.sty
Package: makeidx 2021/10/04 v1.0m Standard LaTeX package
)
\@indexfile=\write4
\openout4 = `StAndrewsTemplate.idx'.

Writing index file StAndrewsTemplate.idx

(c:/Users/lass/AppData/Roaming/TinyTeX/texmf-dist/tex/latex/tcolorbox/tcolorbox
.sty
Package: tcolorbox 2022/01/07 version 5.0.2 text color boxes

(c:/Users/lass/AppData/Roaming/TinyTeX/texmf-dist/tex/latex/pgf/basiclayer/pgf.
sty
(c:/Users/lass/AppData/Roaming/TinyTeX/texmf-dist/tex/latex/pgf/utilities/pgfrc
s.sty
(c:/Users/lass/AppData/Roaming/TinyTeX/texmf-dist/tex/generic/pgf/utilities/pgf
util-common.tex
\pgfutil@everybye=\toks31
\pgfutil@tempdima=\dimen256
\pgfutil@tempdimb=\dimen257

(c:/Users/lass/AppData/Roaming/TinyTeX/texmf-dist/tex/generic/pgf/utilities/pgf
util-common-lists.tex))
(c:/Users/lass/AppData/Roaming/TinyTeX/texmf-dist/tex/generic/pgf/utilities/pgf
util-latex.def
\pgfutil@abb=\box88
)
(c:/Users/lass/AppData/Roaming/TinyTeX/texmf-dist/tex/generic/pgf/utilities/pgf
rcs.code.tex
(c:/Users/lass/AppData/Roaming/TinyTeX/texmf-dist/tex/generic/pgf/pgf.revision.
tex)
Package: pgfrcs 2021/05/15 v3.1.9a (3.1.9a)
))
Package: pgf 2021/05/15 v3.1.9a (3.1.9a)

(c:/Users/lass/AppData/Roaming/TinyTeX/texmf-dist/tex/latex/pgf/basiclayer/pgfc
ore.sty
(c:/Users/lass/AppData/Roaming/TinyTeX/texmf-dist/tex/latex/pgf/systemlayer/pgf
sys.sty
(c:/Users/lass/AppData/Roaming/TinyTeX/texmf-dist/tex/generic/pgf/systemlayer/p
gfsys.code.tex
Package: pgfsys 2021/05/15 v3.1.9a (3.1.9a)

(c:/Users/lass/AppData/Roaming/TinyTeX/texmf-dist/tex/generic/pgf/utilities/pgf
keys.code.tex
\pgfkeys@pathtoks=\toks32
\pgfkeys@temptoks=\toks33

(c:/Users/lass/AppData/Roaming/TinyTeX/texmf-dist/tex/generic/pgf/utilities/pgf
keysfiltered.code.tex
\pgfkeys@tmptoks=\toks34
))
\pgf@x=\dimen258
\pgf@y=\dimen259
\pgf@xa=\dimen260
\pgf@ya=\dimen261
\pgf@xb=\dimen262
\pgf@yb=\dimen263
\pgf@xc=\dimen264
\pgf@yc=\dimen265
\pgf@xd=\dimen266
\pgf@yd=\dimen267
\w@pgf@writea=\write5
\r@pgf@reada=\read3
\c@pgf@counta=\count320
\c@pgf@countb=\count321
\c@pgf@countc=\count322
\c@pgf@countd=\count323
\t@pgf@toka=\toks35
\t@pgf@tokb=\toks36
\t@pgf@tokc=\toks37
\pgf@sys@id@count=\count324

(c:/Users/lass/AppData/Roaming/TinyTeX/texmf-dist/tex/generic/pgf/systemlayer/p
gf.cfg
File: pgf.cfg 2021/05/15 v3.1.9a (3.1.9a)
)
Driver file for pgf: pgfsys-xetex.def

(c:/Users/lass/AppData/Roaming/TinyTeX/texmf-dist/tex/generic/pgf/systemlayer/p
gfsys-xetex.def
File: pgfsys-xetex.def 2021/05/15 v3.1.9a (3.1.9a)

(c:/Users/lass/AppData/Roaming/TinyTeX/texmf-dist/tex/generic/pgf/systemlayer/p
gfsys-dvipdfmx.def
File: pgfsys-dvipdfmx.def 2021/05/15 v3.1.9a (3.1.9a)

(c:/Users/lass/AppData/Roaming/TinyTeX/texmf-dist/tex/generic/pgf/systemlayer/p
gfsys-common-pdf.def
File: pgfsys-common-pdf.def 2021/05/15 v3.1.9a (3.1.9a)
)
\pgfsys@objnum=\count325
)))
(c:/Users/lass/AppData/Roaming/TinyTeX/texmf-dist/tex/generic/pgf/systemlayer/p
gfsyssoftpath.code.tex
File: pgfsyssoftpath.code.tex 2021/05/15 v3.1.9a (3.1.9a)
\pgfsyssoftpath@smallbuffer@items=\count326
\pgfsyssoftpath@bigbuffer@items=\count327
)
(c:/Users/lass/AppData/Roaming/TinyTeX/texmf-dist/tex/generic/pgf/systemlayer/p
gfsysprotocol.code.tex
File: pgfsysprotocol.code.tex 2021/05/15 v3.1.9a (3.1.9a)
))
(c:/Users/lass/AppData/Roaming/TinyTeX/texmf-dist/tex/generic/pgf/basiclayer/pg
fcore.code.tex
Package: pgfcore 2021/05/15 v3.1.9a (3.1.9a)

(c:/Users/lass/AppData/Roaming/TinyTeX/texmf-dist/tex/generic/pgf/math/pgfmath.
code.tex
(c:/Users/lass/AppData/Roaming/TinyTeX/texmf-dist/tex/generic/pgf/math/pgfmathc
alc.code.tex
(c:/Users/lass/AppData/Roaming/TinyTeX/texmf-dist/tex/generic/pgf/math/pgfmathu
til.code.tex)
(c:/Users/lass/AppData/Roaming/TinyTeX/texmf-dist/tex/generic/pgf/math/pgfmathp
arser.code.tex
\pgfmath@dimen=\dimen268
\pgfmath@count=\count328
\pgfmath@box=\box89
\pgfmath@toks=\toks38
\pgfmath@stack@operand=\toks39
\pgfmath@stack@operation=\toks40
)
(c:/Users/lass/AppData/Roaming/TinyTeX/texmf-dist/tex/generic/pgf/math/pgfmathf
unctions.code.tex
(c:/Users/lass/AppData/Roaming/TinyTeX/texmf-dist/tex/generic/pgf/math/pgfmathf
unctions.basic.code.tex)
(c:/Users/lass/AppData/Roaming/TinyTeX/texmf-dist/tex/generic/pgf/math/pgfmathf
unctions.trigonometric.code.tex)
(c:/Users/lass/AppData/Roaming/TinyTeX/texmf-dist/tex/generic/pgf/math/pgfmathf
unctions.random.code.tex)
(c:/Users/lass/AppData/Roaming/TinyTeX/texmf-dist/tex/generic/pgf/math/pgfmathf
unctions.comparison.code.tex)
(c:/Users/lass/AppData/Roaming/TinyTeX/texmf-dist/tex/generic/pgf/math/pgfmathf
unctions.base.code.tex)
(c:/Users/lass/AppData/Roaming/TinyTeX/texmf-dist/tex/generic/pgf/math/pgfmathf
unctions.round.code.tex)
(c:/Users/lass/AppData/Roaming/TinyTeX/texmf-dist/tex/generic/pgf/math/pgfmathf
unctions.misc.code.tex)
(c:/Users/lass/AppData/Roaming/TinyTeX/texmf-dist/tex/generic/pgf/math/pgfmathf
unctions.integerarithmetics.code.tex)))
(c:/Users/lass/AppData/Roaming/TinyTeX/texmf-dist/tex/generic/pgf/math/pgfmathf
loat.code.tex
\c@pgfmathroundto@lastzeros=\count329
))
(c:/Users/lass/AppData/Roaming/TinyTeX/texmf-dist/tex/generic/pgf/math/pgfint.c
ode.tex)
(c:/Users/lass/AppData/Roaming/TinyTeX/texmf-dist/tex/generic/pgf/basiclayer/pg
fcorepoints.code.tex
File: pgfcorepoints.code.tex 2021/05/15 v3.1.9a (3.1.9a)
\pgf@picminx=\dimen269
\pgf@picmaxx=\dimen270
\pgf@picminy=\dimen271
\pgf@picmaxy=\dimen272
\pgf@pathminx=\dimen273
\pgf@pathmaxx=\dimen274
\pgf@pathminy=\dimen275
\pgf@pathmaxy=\dimen276
\pgf@xx=\dimen277
\pgf@xy=\dimen278
\pgf@yx=\dimen279
\pgf@yy=\dimen280
\pgf@zx=\dimen281
\pgf@zy=\dimen282
)
(c:/Users/lass/AppData/Roaming/TinyTeX/texmf-dist/tex/generic/pgf/basiclayer/pg
fcorepathconstruct.code.tex
File: pgfcorepathconstruct.code.tex 2021/05/15 v3.1.9a (3.1.9a)
\pgf@path@lastx=\dimen283
\pgf@path@lasty=\dimen284
)
(c:/Users/lass/AppData/Roaming/TinyTeX/texmf-dist/tex/generic/pgf/basiclayer/pg
fcorepathusage.code.tex
File: pgfcorepathusage.code.tex 2021/05/15 v3.1.9a (3.1.9a)
\pgf@shorten@end@additional=\dimen285
\pgf@shorten@start@additional=\dimen286
)
(c:/Users/lass/AppData/Roaming/TinyTeX/texmf-dist/tex/generic/pgf/basiclayer/pg
fcorescopes.code.tex
File: pgfcorescopes.code.tex 2021/05/15 v3.1.9a (3.1.9a)
\pgfpic=\box90
\pgf@hbox=\box91
\pgf@layerbox@main=\box92
\pgf@picture@serial@count=\count330
)
(c:/Users/lass/AppData/Roaming/TinyTeX/texmf-dist/tex/generic/pgf/basiclayer/pg
fcoregraphicstate.code.tex
File: pgfcoregraphicstate.code.tex 2021/05/15 v3.1.9a (3.1.9a)
\pgflinewidth=\dimen287
)
(c:/Users/lass/AppData/Roaming/TinyTeX/texmf-dist/tex/generic/pgf/basiclayer/pg
fcoretransformations.code.tex
File: pgfcoretransformations.code.tex 2021/05/15 v3.1.9a (3.1.9a)
\pgf@pt@x=\dimen288
\pgf@pt@y=\dimen289
\pgf@pt@temp=\dimen290
)
(c:/Users/lass/AppData/Roaming/TinyTeX/texmf-dist/tex/generic/pgf/basiclayer/pg
fcorequick.code.tex
File: pgfcorequick.code.tex 2021/05/15 v3.1.9a (3.1.9a)
)
(c:/Users/lass/AppData/Roaming/TinyTeX/texmf-dist/tex/generic/pgf/basiclayer/pg
fcoreobjects.code.tex
File: pgfcoreobjects.code.tex 2021/05/15 v3.1.9a (3.1.9a)
)
(c:/Users/lass/AppData/Roaming/TinyTeX/texmf-dist/tex/generic/pgf/basiclayer/pg
fcorepathprocessing.code.tex
File: pgfcorepathprocessing.code.tex 2021/05/15 v3.1.9a (3.1.9a)
)
(c:/Users/lass/AppData/Roaming/TinyTeX/texmf-dist/tex/generic/pgf/basiclayer/pg
fcorearrows.code.tex
File: pgfcorearrows.code.tex 2021/05/15 v3.1.9a (3.1.9a)
\pgfarrowsep=\dimen291
)
(c:/Users/lass/AppData/Roaming/TinyTeX/texmf-dist/tex/generic/pgf/basiclayer/pg
fcoreshade.code.tex
File: pgfcoreshade.code.tex 2021/05/15 v3.1.9a (3.1.9a)
\pgf@max=\dimen292
\pgf@sys@shading@range@num=\count331
\pgf@shadingcount=\count332
)
(c:/Users/lass/AppData/Roaming/TinyTeX/texmf-dist/tex/generic/pgf/basiclayer/pg
fcoreimage.code.tex
File: pgfcoreimage.code.tex 2021/05/15 v3.1.9a (3.1.9a)

(c:/Users/lass/AppData/Roaming/TinyTeX/texmf-dist/tex/generic/pgf/basiclayer/pg
fcoreexternal.code.tex
File: pgfcoreexternal.code.tex 2021/05/15 v3.1.9a (3.1.9a)
\pgfexternal@startupbox=\box93
))
(c:/Users/lass/AppData/Roaming/TinyTeX/texmf-dist/tex/generic/pgf/basiclayer/pg
fcorelayers.code.tex
File: pgfcorelayers.code.tex 2021/05/15 v3.1.9a (3.1.9a)
)
(c:/Users/lass/AppData/Roaming/TinyTeX/texmf-dist/tex/generic/pgf/basiclayer/pg
fcoretransparency.code.tex
File: pgfcoretransparency.code.tex 2021/05/15 v3.1.9a (3.1.9a)
)
(c:/Users/lass/AppData/Roaming/TinyTeX/texmf-dist/tex/generic/pgf/basiclayer/pg
fcorepatterns.code.tex
File: pgfcorepatterns.code.tex 2021/05/15 v3.1.9a (3.1.9a)
)
(c:/Users/lass/AppData/Roaming/TinyTeX/texmf-dist/tex/generic/pgf/basiclayer/pg
fcorerdf.code.tex
File: pgfcorerdf.code.tex 2021/05/15 v3.1.9a (3.1.9a)
)))
(c:/Users/lass/AppData/Roaming/TinyTeX/texmf-dist/tex/generic/pgf/modules/pgfmo
duleshapes.code.tex
File: pgfmoduleshapes.code.tex 2021/05/15 v3.1.9a (3.1.9a)
\pgfnodeparttextbox=\box94
)
(c:/Users/lass/AppData/Roaming/TinyTeX/texmf-dist/tex/generic/pgf/modules/pgfmo
duleplot.code.tex
File: pgfmoduleplot.code.tex 2021/05/15 v3.1.9a (3.1.9a)
)
(c:/Users/lass/AppData/Roaming/TinyTeX/texmf-dist/tex/latex/pgf/compatibility/p
gfcomp-version-0-65.sty
Package: pgfcomp-version-0-65 2021/05/15 v3.1.9a (3.1.9a)
\pgf@nodesepstart=\dimen293
\pgf@nodesepend=\dimen294
)
(c:/Users/lass/AppData/Roaming/TinyTeX/texmf-dist/tex/latex/pgf/compatibility/p
gfcomp-version-1-18.sty
Package: pgfcomp-version-1-18 2021/05/15 v3.1.9a (3.1.9a)
)) (c:/Users/lass/AppData/Roaming/TinyTeX/texmf-dist/tex/latex/tools/verbatim.s
ty
Package: verbatim 2020-07-07 v1.5u LaTeX2e package for verbatim enhancements
\every@verbatim=\toks41
\verbatim@line=\toks42
\verbatim@in@stream=\read4
)
(c:/Users/lass/AppData/Roaming/TinyTeX/texmf-dist/tex/latex/environ/environ.sty
Package: environ 2014/05/04 v0.3 A new way to define environments

(c:/Users/lass/AppData/Roaming/TinyTeX/texmf-dist/tex/latex/trimspaces/trimspac
es.sty
Package: trimspaces 2009/09/17 v1.1 Trim spaces around a token list
))
\tcb@titlebox=\box95
\tcb@upperbox=\box96
\tcb@lowerbox=\box97
\tcb@phantombox=\box98
\c@tcbbreakpart=\count333
\c@tcblayer=\count334
\c@tcolorbox@number=\count335
\tcb@temp=\box99
\tcb@temp=\box100
\tcb@temp=\box101
\tcb@temp=\box102
)
(c:/Users/lass/AppData/Roaming/TinyTeX/texmf-dist/tex/latex/tcolorbox/tcbbreaka
ble.code.tex
Library (tcolorbox): 'tcbbreakable.code.tex' version '5.0.2'

(c:/Users/lass/AppData/Roaming/TinyTeX/texmf-dist/tex/generic/oberdiek/pdfcol.s
ty
Package: pdfcol 2019/12/29 v1.6 Handle new color stacks for pdfTeX (HO)
Package pdfcol Info: Interface disabled because of missing PDF mode of pdfTeX.
)
Package pdfcol Info: pdfTeX's color stacks are not available.
\tcb@testbox=\box103
\tcb@totalupperbox=\box104
\tcb@totallowerbox=\box105
)
(c:/Users/lass/AppData/Roaming/TinyTeX/texmf-dist/tex/latex/pgf/frontendlayer/t
ikz.sty
(c:/Users/lass/AppData/Roaming/TinyTeX/texmf-dist/tex/latex/pgf/utilities/pgffo
r.sty
(c:/Users/lass/AppData/Roaming/TinyTeX/texmf-dist/tex/latex/pgf/utilities/pgfke
ys.sty
(c:/Users/lass/AppData/Roaming/TinyTeX/texmf-dist/tex/generic/pgf/utilities/pgf
keys.code.tex))
(c:/Users/lass/AppData/Roaming/TinyTeX/texmf-dist/tex/latex/pgf/math/pgfmath.st
y
(c:/Users/lass/AppData/Roaming/TinyTeX/texmf-dist/tex/generic/pgf/math/pgfmath.
code.tex))
(c:/Users/lass/AppData/Roaming/TinyTeX/texmf-dist/tex/generic/pgf/utilities/pgf
for.code.tex
Package: pgffor 2021/05/15 v3.1.9a (3.1.9a)

(c:/Users/lass/AppData/Roaming/TinyTeX/texmf-dist/tex/generic/pgf/math/pgfmath.
code.tex)
\pgffor@iter=\dimen295
\pgffor@skip=\dimen296
\pgffor@stack=\toks43
\pgffor@toks=\toks44
))
(c:/Users/lass/AppData/Roaming/TinyTeX/texmf-dist/tex/generic/pgf/frontendlayer
/tikz/tikz.code.tex
Package: tikz 2021/05/15 v3.1.9a (3.1.9a)

(c:/Users/lass/AppData/Roaming/TinyTeX/texmf-dist/tex/generic/pgf/libraries/pgf
libraryplothandlers.code.tex
File: pgflibraryplothandlers.code.tex 2021/05/15 v3.1.9a (3.1.9a)
\pgf@plot@mark@count=\count336
\pgfplotmarksize=\dimen297
)
\tikz@lastx=\dimen298
\tikz@lasty=\dimen299
\tikz@lastxsaved=\dimen300
\tikz@lastysaved=\dimen301
\tikz@lastmovetox=\dimen302
\tikz@lastmovetoy=\dimen303
\tikzleveldistance=\dimen304
\tikzsiblingdistance=\dimen305
\tikz@figbox=\box106
\tikz@figbox@bg=\box107
\tikz@tempbox=\box108
\tikz@tempbox@bg=\box109
\tikztreelevel=\count337
\tikznumberofchildren=\count338
\tikznumberofcurrentchild=\count339
\tikz@fig@count=\count340

(c:/Users/lass/AppData/Roaming/TinyTeX/texmf-dist/tex/generic/pgf/modules/pgfmo
dulematrix.code.tex
File: pgfmodulematrix.code.tex 2021/05/15 v3.1.9a (3.1.9a)
\pgfmatrixcurrentrow=\count341
\pgfmatrixcurrentcolumn=\count342
\pgf@matrix@numberofcolumns=\count343
)
\tikz@expandcount=\count344

(c:/Users/lass/AppData/Roaming/TinyTeX/texmf-dist/tex/generic/pgf/frontendlayer
/tikz/libraries/tikzlibrarytopaths.code.tex
File: tikzlibrarytopaths.code.tex 2021/05/15 v3.1.9a (3.1.9a)
)))
(c:/Users/lass/AppData/Roaming/TinyTeX/texmf-dist/tex/latex/polyglossia/polyglo
ssia.sty
Package: polyglossia 2021/04/12 v1.53 Modern multilingual typesetting with XeLa
TeX and LuaLaTeX

(c:/Users/lass/AppData/Roaming/TinyTeX/texmf-dist/tex/latex/makecmds/makecmds.s
ty
Package: makecmds 2009/09/03 v1.0a extra command making commands
)
(c:/Users/lass/AppData/Roaming/TinyTeX/texmf-dist/tex/latex/xkeyval/xkeyval.sty
Package: xkeyval 2020/11/20 v2.8 package option processing (HA)

(c:/Users/lass/AppData/Roaming/TinyTeX/texmf-dist/tex/generic/xkeyval/xkeyval.t
ex
(c:/Users/lass/AppData/Roaming/TinyTeX/texmf-dist/tex/generic/xkeyval/xkvutils.
tex
\XKV@toks=\toks45
\XKV@tempa@toks=\toks46
)
\XKV@depth=\count345
File: xkeyval.tex 2014/12/03 v2.7a key=value parser (HA)
))

LaTeX hooks Warning: Generic hook 'file/after/tracklang.sty' is deprecated.
(hooks)              Use hook 'file/tracklang.sty/after' instead.


LaTeX hooks Warning: Generic hook 'package/after/bidi' is deprecated.
(hooks)              Use hook 'package/bidi/after' instead.


LaTeX hooks Warning: Generic hook 'package/after/luabidi' is deprecated.
(hooks)              Use hook 'package/luabidi/after' instead.

\xpg@normalclass=\XeTeXcharclass1

(c:/Users/lass/AppData/Roaming/TinyTeX/texmf-dist/tex/latex/polyglossia/gloss-l
atex.ldf
File: gloss-latex.ldf polyglossia: module for default language
The property list \polyglossia@langsetup contains the pairs (without outer
braces):
>  {latex/script}  =>  {latin}
>  {latex/lcscript}  =>  {latin}
>  {latex/scripttag}  =>  {}
>  {latex/language}  =>  {Latex}
>  {latex/langtag}  =>  {ENG}
>  {latex/bcp47}  =>  {}
>  {latex/hyphennames}  =>  {english}
>  {latex/direction}  =>  {LR}
>  {latex/hyphenmins}  =>  {2,3}
>  {latex/frenchspacing}  =>  {false}
>  {latex/indentfirst}  =>  {false}
>  {latex/fontsetup}  =>  {true}
>  {latex/envname}  =>  {latex}
>  {latex/babelname}  =>  {latex}
>  {latex/localnumeral}  =>  {polyglossia@C@localnumeral}
>  {latex/Localnumeral}  =>  {polyglossia@C@localnumeral}.
)
Package polyglossia Info: Default language is latex.
)
(c:/Users/lass/AppData/Roaming/TinyTeX/texmf-dist/tex/latex/polyglossia/gloss-e
nglish.ldf
File: gloss-english.ldf polyglossia: module for english
The property list \polyglossia@langsetup contains the pairs (without outer
braces):
>  {latex/script}  =>  {latin}
>  {latex/lcscript}  =>  {latin}
>  {latex/scripttag}  =>  {}
>  {latex/language}  =>  {Latex}
>  {latex/langtag}  =>  {ENG}
>  {latex/bcp47}  =>  {}
>  {latex/hyphennames}  =>  {english}
>  {latex/direction}  =>  {LR}
>  {latex/hyphenmins}  =>  {2,3}
>  {latex/frenchspacing}  =>  {false}
>  {latex/indentfirst}  =>  {false}
>  {latex/fontsetup}  =>  {true}
>  {latex/envname}  =>  {latex}
>  {latex/babelname}  =>  {latex}
>  {latex/localnumeral}  =>  {polyglossia@C@localnumeral}
>  {latex/Localnumeral}  =>  {polyglossia@C@localnumeral}
>  {english/script}  =>  {latin}
>  {english/lcscript}  =>  {latin}
>  {english/scripttag}  =>  {}
>  {english/language}  =>  {English}
>  {english/langtag}  =>  {ENG}
>  {english/bcp47}  =>  {en-US}
>  {english/hyphennames}  =>  {english,american,usenglish,USenglish}
>  {english/direction}  =>  {LR}
>  {english/hyphenmins}  =>  {2,3}
>  {english/frenchspacing}  =>  {false}
>  {english/indentfirst}  =>  {false}
>  {english/fontsetup}  =>  {true}
>  {english/envname}  =>  {english}
>  {english/babelname}  =>  {english}
>  {english/localnumeral}  =>  {polyglossia@C@localnumeral}
>  {english/Localnumeral}  =>  {polyglossia@C@localnumeral}.
Package polyglossia Info: Option: English, variant=american.
)
Package polyglossia Info: Option: english variant=british.

Package polyglossia Warning: No hyphenation patterns were loaded for British En
glish
(polyglossia)                I will use the patterns for US English instead on 
input line 264.

\l@ukenglish = a dialect from \language\l@english 
Package polyglossia Info: Option: english variant=british.
Package polyglossia Info: Default language is english.
Package polyglossia Info: Option: english variant=british.
(c:/Users/lass/AppData/Roaming/TinyTeX/texmf-dist/tex/latex/natbib/natbib.sty
Package: natbib 2010/09/13 8.31b (PWD, AO)
\bibhang=\skip92
\bibsep=\skip93
LaTeX Info: Redefining \cite on input line 694.
\c@NAT@ctr=\count346
)
\c@theorem=\count347
\c@lemma=\count348
\c@corollary=\count349
\c@proposition=\count350
\c@conjecture=\count351
\c@definition=\count352
\c@example=\count353
\c@exercise=\count354
\c@hypothesis=\count355
(./StAndrewsTemplate.aux
Package polyglossia Info: Option: english variant=british.
Package polyglossia Info: Option: english variant=british.
LaTeX Info: Redefining \rmfamily on input line 20.
LaTeX Info: Redefining \sffamily on input line 20.
LaTeX Info: Redefining \ttfamily on input line 20.
Package polyglossia Info: Option: english variant=british.
Package polyglossia Info: Option: english variant=british.
)
\openout1 = `StAndrewsTemplate.aux'.

LaTeX Font Info:    Checking defaults for OML/cmm/m/it on input line 295.
LaTeX Font Info:    ... okay on input line 295.
LaTeX Font Info:    Checking defaults for OMS/cmsy/m/n on input line 295.
LaTeX Font Info:    ... okay on input line 295.
LaTeX Font Info:    Checking defaults for OT1/cmr/m/n on input line 295.
LaTeX Font Info:    ... okay on input line 295.
LaTeX Font Info:    Checking defaults for T1/cmr/m/n on input line 295.
LaTeX Font Info:    ... okay on input line 295.
LaTeX Font Info:    Checking defaults for TS1/cmr/m/n on input line 295.
LaTeX Font Info:    ... okay on input line 295.
LaTeX Font Info:    Checking defaults for TU/lmr/m/n on input line 295.
LaTeX Font Info:    ... okay on input line 295.
LaTeX Font Info:    Checking defaults for OMX/cmex/m/n on input line 295.
LaTeX Font Info:    ... okay on input line 295.
LaTeX Font Info:    Checking defaults for U/cmr/m/n on input line 295.
LaTeX Font Info:    ... okay on input line 295.
LaTeX Font Info:    Checking defaults for PD1/pdf/m/n on input line 295.
LaTeX Font Info:    ... okay on input line 295.
LaTeX Font Info:    Checking defaults for PU/pdf/m/n on input line 295.
LaTeX Font Info:    ... okay on input line 295.
LaTeX Font Info:    Overwriting math alphabet `\mathrm' in version `normal'
(Font)                  OT1/lmr/m/n --> TU/lmr/m/n on input line 295.
LaTeX Font Info:    Overwriting math alphabet `\mathit' in version `normal'
(Font)                  OT1/lmr/m/it --> TU/lmr/m/it on input line 295.
LaTeX Font Info:    Overwriting math alphabet `\mathbf' in version `normal'
(Font)                  OT1/lmr/bx/n --> TU/lmr/bx/n on input line 295.
LaTeX Font Info:    Overwriting math alphabet `\mathsf' in version `normal'
(Font)                  OT1/lmss/m/n --> TU/lmss/m/n on input line 295.
LaTeX Font Info:    Overwriting math alphabet `\mathsf' in version `bold'
(Font)                  OT1/lmss/bx/n --> TU/lmss/bx/n on input line 295.
LaTeX Font Info:    Overwriting math alphabet `\mathtt' in version `normal'
(Font)                  OT1/lmtt/m/n --> TU/lmtt/m/n on input line 295.
LaTeX Font Info:    Overwriting math alphabet `\mathtt' in version `bold'
(Font)                  OT1/lmtt/m/n --> TU/lmtt/bx/n on input line 295.

Package fontspec Info: latinmodern-math scale = 1.030159915882193.


Package fontspec Info: latinmodern-math scale = 1.030159915882193.


Package fontspec Info: latinmodern-math scale = 1.030159915882193.


Package fontspec Info: Font family 'latinmodern-math.otf(0)' created for font
(fontspec)             'latinmodern-math.otf' with options
(fontspec)             [Scale=MatchLowercase,BoldItalicFont={},ItalicFont={},Sm
allCapsFont={},Script=Math,BoldFont={latinmodern-math.otf}].
(fontspec)              
(fontspec)              This font family consists of the following NFSS
(fontspec)             series/shapes:
(fontspec)              
(fontspec)             - 'normal' (m/n) with NFSS spec.:
(fontspec)             <->s*[1.030159915882193]"[latinmodern-math.otf]/OT:scrip
t=math;language=dflt;"
(fontspec)             - 'small caps'  (m/sc) with NFSS spec.: 
(fontspec)             - 'bold' (b/n) with NFSS spec.:
(fontspec)             <->s*[1.030159915882193]"[latinmodern-math.otf]/OT:scrip
t=math;language=dflt;"
(fontspec)             - 'bold small caps'  (b/sc) with NFSS spec.: 

LaTeX Font Info:    Font shape `TU/latinmodern-math.otf(0)/m/n' will be
(Font)              scaled to size 10.30167pt on input line 295.

Package fontspec Info: latinmodern-math scale = 1.030159915882193.


Package fontspec Info: latinmodern-math scale = 1.030159915882193.


Package fontspec Info: latinmodern-math scale = 1.030159915882193.


Package fontspec Info: latinmodern-math scale = 1.030159915882193.


Package fontspec Info: latinmodern-math scale = 1.030159915882193.


Package fontspec Info: Font family 'latinmodern-math.otf(1)' created for font
(fontspec)             'latinmodern-math.otf' with options
(fontspec)             [Scale=MatchLowercase,BoldItalicFont={},ItalicFont={},Sm
allCapsFont={},Script=Math,SizeFeatures={{Size=8.5-},{Size=6-8.5,Font=latinmode
rn-math.otf,Style=MathScript},{Size=-6,Font=latinmodern-math.otf,Style=MathScri
ptScript}},BoldFont={latinmodern-math.otf}].
(fontspec)              
(fontspec)              This font family consists of the following NFSS
(fontspec)             series/shapes:
(fontspec)              
(fontspec)             - 'normal' (m/n) with NFSS spec.:
(fontspec)             <8.5->s*[1.030159915882193]"[latinmodern-math.otf]/OT:sc
ript=math;language=dflt;"<6-8.5>s*[1.030159915882193]"[latinmodern-math.otf]/OT
:script=math;language=dflt;+ssty=0;"<-6>s*[1.030159915882193]"[latinmodern-math
.otf]/OT:script=math;language=dflt;+ssty=1;"
(fontspec)             - 'small caps'  (m/sc) with NFSS spec.: 
(fontspec)             - 'bold' (b/n) with NFSS spec.:
(fontspec)             <->s*[1.030159915882193]"[latinmodern-math.otf]/OT:scrip
t=math;language=dflt;"
(fontspec)             - 'bold small caps'  (b/sc) with NFSS spec.: 

LaTeX Font Info:    Font shape `TU/latinmodern-math.otf(1)/m/n' will be
(Font)              scaled to size 10.30167pt on input line 295.
LaTeX Font Info:    Encoding `OT1' has changed to `TU' for symbol font
(Font)              `operators' in the math version `normal' on input line 295.

LaTeX Font Info:    Overwriting symbol font `operators' in version `normal'
(Font)                  OT1/lmr/m/n --> TU/latinmodern-math.otf(1)/m/n on input
 line 295.
LaTeX Font Info:    Encoding `OT1' has changed to `TU' for symbol font
(Font)              `operators' in the math version `bold' on input line 295.
LaTeX Font Info:    Overwriting symbol font `operators' in version `bold'
(Font)                  OT1/lmr/bx/n --> TU/latinmodern-math.otf(1)/b/n on inpu
t line 295.

Package fontspec Info: latinmodern-math scale = 1.030159915882193.


Package fontspec Info: latinmodern-math scale = 1.030262931873781.


Package fontspec Info: latinmodern-math scale = 1.030159915882193.


Package fontspec Info: latinmodern-math scale = 1.030262931873781.


Package fontspec Info: latinmodern-math scale = 1.030159915882193.


Package fontspec Info: latinmodern-math scale = 1.030262931873781.


Package fontspec Info: latinmodern-math scale = 1.030159915882193.


Package fontspec Info: latinmodern-math scale = 1.030262931873781.


Package fontspec Info: latinmodern-math scale = 1.030159915882193.


Package fontspec Info: latinmodern-math scale = 1.030262931873781.


Package fontspec Info: Font family 'latinmodern-math.otf(2)' created for font
(fontspec)             'latinmodern-math.otf' with options
(fontspec)             [Scale=MatchLowercase,BoldItalicFont={},ItalicFont={},Sm
allCapsFont={},Script=Math,SizeFeatures={{Size=8.5-},{Size=6-8.5,Font=latinmode
rn-math.otf,Style=MathScript},{Size=-6,Font=latinmodern-math.otf,Style=MathScri
ptScript}},BoldFont={latinmodern-math.otf},ScaleAgain=1.0001,FontAdjustment={\f
ontdimen
(fontspec)             8\font =6.97423pt\relax \fontdimen 9\font
(fontspec)             =4.05885pt\relax \fontdimen 10\font =4.57394pt\relax
(fontspec)             \fontdimen 11\font =7.06694pt\relax \fontdimen 12\font
(fontspec)             =3.55408pt\relax \fontdimen 13\font =3.7395pt\relax
(fontspec)             \fontdimen 14\font =3.7395pt\relax \fontdimen 15\font
(fontspec)             =2.97719pt\relax \fontdimen 16\font =2.54451pt\relax
(fontspec)             \fontdimen 17\font =2.54451pt\relax \fontdimen 18\font
(fontspec)             =2.57542pt\relax \fontdimen 19\font =2.06033pt\relax
(fontspec)             \fontdimen 22\font =2.57542pt\relax \fontdimen 20\font
(fontspec)             =0pt\relax \fontdimen 21\font =0pt\relax }].
(fontspec)              
(fontspec)              This font family consists of the following NFSS
(fontspec)             series/shapes:
(fontspec)              
(fontspec)             - 'normal' (m/n) with NFSS spec.:
(fontspec)             <8.5->s*[1.030262931873781]"[latinmodern-math.otf]/OT:sc
ript=math;language=dflt;"<6-8.5>s*[1.030262931873781]"[latinmodern-math.otf]/OT
:script=math;language=dflt;+ssty=0;"<-6>s*[1.030262931873781]"[latinmodern-math
.otf]/OT:script=math;language=dflt;+ssty=1;"
(fontspec)             - 'small caps'  (m/sc) with NFSS spec.: 
(fontspec)             and font adjustment code:
(fontspec)             \fontdimen 8\font =6.97423pt\relax \fontdimen 9\font
(fontspec)             =4.05885pt\relax \fontdimen 10\font =4.57394pt\relax
(fontspec)             \fontdimen 11\font =7.06694pt\relax \fontdimen 12\font
(fontspec)             =3.55408pt\relax \fontdimen 13\font =3.7395pt\relax
(fontspec)             \fontdimen 14\font =3.7395pt\relax \fontdimen 15\font
(fontspec)             =2.97719pt\relax \fontdimen 16\font =2.54451pt\relax
(fontspec)             \fontdimen 17\font =2.54451pt\relax \fontdimen 18\font
(fontspec)             =2.57542pt\relax \fontdimen 19\font =2.06033pt\relax
(fontspec)             \fontdimen 22\font =2.57542pt\relax \fontdimen 20\font
(fontspec)             =0pt\relax \fontdimen 21\font =0pt\relax 
(fontspec)             - 'bold' (b/n) with NFSS spec.:
(fontspec)             <->s*[1.030262931873781]"[latinmodern-math.otf]/OT:scrip
t=math;language=dflt;"
(fontspec)             - 'bold small caps'  (b/sc) with NFSS spec.: 
(fontspec)             and font adjustment code:
(fontspec)             \fontdimen 8\font =6.97423pt\relax \fontdimen 9\font
(fontspec)             =4.05885pt\relax \fontdimen 10\font =4.57394pt\relax
(fontspec)             \fontdimen 11\font =7.06694pt\relax \fontdimen 12\font
(fontspec)             =3.55408pt\relax \fontdimen 13\font =3.7395pt\relax
(fontspec)             \fontdimen 14\font =3.7395pt\relax \fontdimen 15\font
(fontspec)             =2.97719pt\relax \fontdimen 16\font =2.54451pt\relax
(fontspec)             \fontdimen 17\font =2.54451pt\relax \fontdimen 18\font
(fontspec)             =2.57542pt\relax \fontdimen 19\font =2.06033pt\relax
(fontspec)             \fontdimen 22\font =2.57542pt\relax \fontdimen 20\font
(fontspec)             =0pt\relax \fontdimen 21\font =0pt\relax 

LaTeX Font Info:    Encoding `OMS' has changed to `TU' for symbol font
(Font)              `symbols' in the math version `normal' on input line 295.
LaTeX Font Info:    Overwriting symbol font `symbols' in version `normal'
(Font)                  OMS/lmsy/m/n --> TU/latinmodern-math.otf(2)/m/n on inpu
t line 295.
LaTeX Font Info:    Encoding `OMS' has changed to `TU' for symbol font
(Font)              `symbols' in the math version `bold' on input line 295.
LaTeX Font Info:    Overwriting symbol font `symbols' in version `bold'
(Font)                  OMS/lmsy/b/n --> TU/latinmodern-math.otf(2)/b/n on inpu
t line 295.

Package fontspec Info: latinmodern-math scale = 1.030159915882193.


Package fontspec Info: latinmodern-math scale = 1.030056899890605.


Package fontspec Info: latinmodern-math scale = 1.030159915882193.


Package fontspec Info: latinmodern-math scale = 1.030056899890605.


Package fontspec Info: latinmodern-math scale = 1.030159915882193.


Package fontspec Info: latinmodern-math scale = 1.030056899890605.


Package fontspec Info: latinmodern-math scale = 1.030159915882193.


Package fontspec Info: latinmodern-math scale = 1.030056899890605.


Package fontspec Info: latinmodern-math scale = 1.030159915882193.


Package fontspec Info: latinmodern-math scale = 1.030056899890605.


Package fontspec Info: Font family 'latinmodern-math.otf(3)' created for font
(fontspec)             'latinmodern-math.otf' with options
(fontspec)             [Scale=MatchLowercase,BoldItalicFont={},ItalicFont={},Sm
allCapsFont={},Script=Math,SizeFeatures={{Size=8.5-},{Size=6-8.5,Font=latinmode
rn-math.otf,Style=MathScript},{Size=-6,Font=latinmodern-math.otf,Style=MathScri
ptScript}},BoldFont={latinmodern-math.otf},ScaleAgain=0.9999,FontAdjustment={\f
ontdimen
(fontspec)             8\font =0.41206pt\relax \fontdimen 9\font
(fontspec)             =2.06033pt\relax \fontdimen 10\font =1.72038pt\relax
(fontspec)             \fontdimen 11\font =1.14348pt\relax \fontdimen 12\font
(fontspec)             =6.181pt\relax \fontdimen 13\font =0pt\relax }].
(fontspec)              
(fontspec)              This font family consists of the following NFSS
(fontspec)             series/shapes:
(fontspec)              
(fontspec)             - 'normal' (m/n) with NFSS spec.:
(fontspec)             <8.5->s*[1.030056899890605]"[latinmodern-math.otf]/OT:sc
ript=math;language=dflt;"<6-8.5>s*[1.030056899890605]"[latinmodern-math.otf]/OT
:script=math;language=dflt;+ssty=0;"<-6>s*[1.030056899890605]"[latinmodern-math
.otf]/OT:script=math;language=dflt;+ssty=1;"
(fontspec)             - 'small caps'  (m/sc) with NFSS spec.: 
(fontspec)             and font adjustment code:
(fontspec)             \fontdimen 8\font =0.41206pt\relax \fontdimen 9\font
(fontspec)             =2.06033pt\relax \fontdimen 10\font =1.72038pt\relax
(fontspec)             \fontdimen 11\font =1.14348pt\relax \fontdimen 12\font
(fontspec)             =6.181pt\relax \fontdimen 13\font =0pt\relax 
(fontspec)             - 'bold' (b/n) with NFSS spec.:
(fontspec)             <->s*[1.030056899890605]"[latinmodern-math.otf]/OT:scrip
t=math;language=dflt;"
(fontspec)             - 'bold small caps'  (b/sc) with NFSS spec.: 
(fontspec)             and font adjustment code:
(fontspec)             \fontdimen 8\font =0.41206pt\relax \fontdimen 9\font
(fontspec)             =2.06033pt\relax \fontdimen 10\font =1.72038pt\relax
(fontspec)             \fontdimen 11\font =1.14348pt\relax \fontdimen 12\font
(fontspec)             =6.181pt\relax \fontdimen 13\font =0pt\relax 

LaTeX Font Info:    Encoding `OMX' has changed to `TU' for symbol font
(Font)              `largesymbols' in the math version `normal' on input line 2
95.
LaTeX Font Info:    Overwriting symbol font `largesymbols' in version `normal'
(Font)                  OMX/lmex/m/n --> TU/latinmodern-math.otf(3)/m/n on inpu
t line 295.
LaTeX Font Info:    Encoding `OMX' has changed to `TU' for symbol font
(Font)              `largesymbols' in the math version `bold' on input line 295
.
LaTeX Font Info:    Overwriting symbol font `largesymbols' in version `bold'
(Font)                  OMX/lmex/m/n --> TU/latinmodern-math.otf(3)/b/n on inpu
t line 295.
Package hyperref Info: Link coloring ON on input line 295.

(c:/Users/lass/AppData/Roaming/TinyTeX/texmf-dist/tex/latex/hyperref/nameref.st
y
Package: nameref 2021-04-02 v2.47 Cross-referencing by name of section

(c:/Users/lass/AppData/Roaming/TinyTeX/texmf-dist/tex/latex/refcount/refcount.s
ty
Package: refcount 2019/12/15 v3.6 Data extraction from label references (HO)
)
(c:/Users/lass/AppData/Roaming/TinyTeX/texmf-dist/tex/generic/gettitlestring/ge
ttitlestring.sty
Package: gettitlestring 2019/12/15 v1.6 Cleanup title references (HO)
)
\c@section@level=\count356
)
LaTeX Info: Redefining \ref on input line 295.
LaTeX Info: Redefining \pageref on input line 295.
LaTeX Info: Redefining \nameref on input line 295.
(./StAndrewsTemplate.out) (./StAndrewsTemplate.out)
\@outlinefile=\write6
\openout6 = `StAndrewsTemplate.out'.

Package polyglossia Info: Option: english variant=british.
Package polyglossia Info: Option: english variant=british.
LaTeX Info: Redefining \rmfamily on input line 295.
LaTeX Info: Redefining \sffamily on input line 295.
LaTeX Info: Redefining \ttfamily on input line 295.
Package polyglossia Info: Option: english variant=british.
Package polyglossia Info: Option: english variant=british.
LaTeX Font Info:    Font shape `TU/lmss/m/it' in size <10> not available
(Font)              Font shape `TU/lmss/m/sl' tried instead on input line 297.
File: standard-vertical-black.png Graphic file (type bmp)
<standard-vertical-black.png>

Underfull \vbox (badness 10000) has occurred while \output is active []


Overfull \hbox (336.25pt too wide) has occurred while \output is active
[]
 []


Underfull \vbox (badness 10000) has occurred while \output is active []


Overfull \hbox (336.25pt too wide) has occurred while \output is active
[]
 []


Underfull \vbox (badness 10000) has occurred while \output is active []


Overfull \hbox (336.25pt too wide) has occurred while \output is active
[]
 []


Underfull \vbox (badness 10000) has occurred while \output is active []


Overfull \hbox (336.25pt too wide) has occurred while \output is active
[]
 []


Underfull \hbox (badness 10000) has occurred while \output is active
 [][][][] 
 []

[1


]
Underfull \vbox (badness 10000) detected at line 301
 []


Overfull \hbox (336.25pt too wide) detected at line 301
[]
 []


Underfull \vbox (badness 10000) detected at line 301
 []


Overfull \hbox (336.25pt too wide) detected at line 301
[]
 []


Underfull \vbox (badness 10000) detected at line 301
 []


Overfull \hbox (336.25pt too wide) detected at line 301
[]
 []


Underfull \vbox (badness 10000) detected at line 301
 []


Overfull \hbox (336.25pt too wide) detected at line 301
[]
 []


Underfull \hbox (badness 10000) detected at line 301
[]
 []

(./StAndrewsTemplate.toc
Package polyglossia Info: Option: english variant=british.
Package polyglossia Info: Option: english variant=british.
LaTeX Info: Redefining \rmfamily on input line 1.
LaTeX Info: Redefining \sffamily on input line 1.
LaTeX Info: Redefining \ttfamily on input line 1.
Package polyglossia Info: Option: english variant=british.
Package polyglossia Info: Option: english variant=british.
LaTeX Font Info:    Font shape `TU/latinmodern-math.otf(1)/m/n' will be
(Font)              scaled to size 7.21117pt on input line 5.
LaTeX Font Info:    Font shape `TU/latinmodern-math.otf(1)/m/n' will be
(Font)              scaled to size 5.15083pt on input line 5.
LaTeX Font Info:    Trying to load font information for OML+lmm on input line 5
.
(c:/Users/lass/AppData/Roaming/TinyTeX/texmf-dist/tex/latex/lm/omllmm.fd
File: omllmm.fd 2015/05/01 v1.6.1 Font defs for Latin Modern
)
LaTeX Font Info:    Font shape `TU/latinmodern-math.otf(2)/m/n' will be
(Font)              scaled to size 10.30258pt on input line 5.
LaTeX Font Info:    Font shape `TU/latinmodern-math.otf(2)/m/n' will be
(Font)              scaled to size 7.2118pt on input line 5.
LaTeX Font Info:    Font shape `TU/latinmodern-math.otf(2)/m/n' will be
(Font)              scaled to size 5.15129pt on input line 5.
LaTeX Font Info:    Font shape `TU/latinmodern-math.otf(3)/m/n' will be
(Font)              scaled to size 10.3006pt on input line 5.
LaTeX Font Info:    Font shape `TU/latinmodern-math.otf(3)/m/n' will be
(Font)              scaled to size 7.21042pt on input line 5.
LaTeX Font Info:    Font shape `TU/latinmodern-math.otf(3)/m/n' will be
(Font)              scaled to size 5.1503pt on input line 5.
)
\tf@toc=\write7
\openout7 = `StAndrewsTemplate.toc'.


Underfull \hbox (badness 10000) has occurred while \output is active
 [][][][] 
 []

[1

] [2]
Underfull \vbox (badness 10000) detected at line 308
 []


Overfull \hbox (336.25pt too wide) detected at line 308
[]
 []


Underfull \vbox (badness 10000) detected at line 308
 []


Overfull \hbox (336.25pt too wide) detected at line 308
[]
 []


Underfull \vbox (badness 10000) detected at line 308
 []


Overfull \hbox (336.25pt too wide) detected at line 308
[]
 []


Underfull \vbox (badness 10000) detected at line 308
 []


Overfull \hbox (336.25pt too wide) detected at line 308
[]
 []


Underfull \hbox (badness 10000) detected at line 308
[]
 []


Package hyperref Warning: bookmark level for unknown fm defaults to 0.


Underfull \hbox (badness 10000) has occurred while \output is active
 [][][][] 
 []

[3


] [4]
Underfull \vbox (badness 10000) detected at line 390
 []


Overfull \hbox (336.25pt too wide) detected at line 390
[]
 []


Underfull \vbox (badness 10000) detected at line 390
 []


Overfull \hbox (336.25pt too wide) detected at line 390
[]
 []


Underfull \vbox (badness 10000) detected at line 390
 []


Overfull \hbox (336.25pt too wide) detected at line 390
[]
 []


Underfull \vbox (badness 10000) detected at line 390
 []


Overfull \hbox (336.25pt too wide) detected at line 390
[]
 []

Chapter 1.

Overfull \hbox (267.25pt too wide) in paragraph at lines 422--422
[]\TU/lmtt/m/n/10 ```{r, logo2, out.width="20%", echo=FALSE fig.alt='University
 of St Andrews Logo', fig.cap='A recognisable image.'}[] 
 []

File: standard-vertical-black.png Graphic file (type bmp)
<standard-vertical-black.png>

Underfull \hbox (badness 10000) has occurred while \output is active
 [][][][] 
 []

[5


]
File: StAndrewsTemplate_files/figure-latex/nice-fig-1.pdf Graphic file (type pd
f)
<use StAndrewsTemplate_files/figure-latex/nice-fig-1.pdf>
[6]
File: StAndrewsTemplate_files/figure-latex/nice-fig2-1.pdf Graphic file (type p
df)
<use StAndrewsTemplate_files/figure-latex/nice-fig2-1.pdf>
[7] [8]
Overfull \hbox (15.25pt too wide) in paragraph at lines 535--535
[]\TU/lmtt/m/n/10 g(X_{n}) & = g(\theta)+g'({\tilde{\theta}})(X_{n}-\theta) \no
tag \\[] 
 []


Overfull \hbox (67.75pt too wide) in paragraph at lines 583--583
[]\TU/lmtt/m/n/10 ``{example, eg1, name='Confidence intervals using the Normal 
approximation.'}[] 
 []

[9]
Overfull \hbox (157.0pt too wide) in paragraph at lines 586--586
[]\TU/lmtt/m/n/10 -z_{\alpha/2} \leq{} & \frac{\hat{\mu}-\mu}{\frac{\sigma}{\sq
rt{n}}} & \leq{} & z_{\alpha/2}\\[] 
 []


Overfull \hbox (319.75pt too wide) in paragraph at lines 587--587
[]\TU/lmtt/m/n/10 \hat{\mu} - z_{\alpha/2}\frac{\sigma}{\sqrt{n}} \leq{} & \;\;
\;\mu & \leq{} & \hat{\mu} + z_{\alpha/2}\frac{\sigma}{\sqrt{n}}[] 
 []

[10]
Underfull \vbox (badness 10000) detected at line 625
 []


Overfull \hbox (336.25pt too wide) detected at line 625
[]
 []


Underfull \vbox (badness 10000) detected at line 625
 []


Overfull \hbox (336.25pt too wide) detected at line 625
[]
 []


Underfull \vbox (badness 10000) detected at line 625
 []


Overfull \hbox (336.25pt too wide) detected at line 625
[]
 []


Underfull \vbox (badness 10000) detected at line 625
 []


Overfull \hbox (336.25pt too wide) detected at line 625
[]
 []

Chapter 2.

Underfull \hbox (badness 10000) has occurred while \output is active
 [][][][] 
 []

[11


]
Underfull \hbox (badness 10000) detected at line 722
 [][]
 []


Underfull \hbox (badness 10000) detected at line 722
[][][]
 []


Underfull \hbox (badness 10000) detected at line 724
 [][]
 []


Underfull \hbox (badness 10000) detected at line 724
[][][]
 []

[12]
Overfull \hbox (94.0pt too wide) in paragraph at lines 761--761
[]\TU/lmtt/m/n/10 Produce a scatterplot of `mpg` against `hp`. What does the re
lationship look like?[] 
 []

[13]
Overfull \hbox (94.0pt too wide) in paragraph at lines 790--790
[]\TU/lmtt/m/n/10 Produce a scatterplot of `mpg` against `hp`. What does the re
lationship look like?[] 
 []


Overfull \hbox (99.25pt too wide) in paragraph at lines 800--800
[]\TU/lmtt/m/n/10 The plot suggests that a linear relationship might exist betw
een the two variables.[] 
 []

[14]
Overfull \hbox (99.25pt too wide) in paragraph at lines 810--810
[]\TU/lmtt/m/n/10 The plot suggests that a linear relationship might exist betw
een the two variables.[] 
 []


Package tcolorbox Warning: The upper box part has become overfull on input line
 859.


Package tcolorbox Warning: The upper box part has become overfull on input line
 859.


Package tcolorbox Warning: The upper box part has become overfull on input line
 872.


Package tcolorbox Warning: The upper box part has become overfull on input line
 872.


Overfull \hbox (5.58315pt too wide) in paragraph at lines 848--874
[]$[]$  $[]$ 
 []

[15]
Overfull \hbox (94.0pt too wide) in paragraph at lines 882--882
[]\TU/lmtt/m/n/10 Produce a scatterplot of `mpg` against `hp`. What does the re
lationship look like?[] 
 []


Overfull \hbox (62.5pt too wide) in paragraph at lines 892--892
[]\TU/lmtt/m/n/10 This is my solution which you will only see if `renderSol` is
 set to `TRUE`.[] 
 []

[16


] [17]
File: standard-vertical-black.png Graphic file (type bmp)
<standard-vertical-black.png>

Underfull \hbox (badness 10000) detected at line 1048
 [][]
 []


Underfull \hbox (badness 10000) detected at line 1048
[][][]
 []

[18] [19]
Overfull \hbox (666.25pt too wide) in paragraph at lines 1075--1075
[]\TU/lmtt/m/n/10 ``{r myshiny, echo=FALSE, screenshot.opts=list(delay=3), dev=
'png',fig.cap='An example of a shiny app. You can see a live version \href{http
s://lindesaysh.shinyapps.io/faithfulshiny/}{here}'}[] 
 []


Overfull \hbox (104.5pt too wide) in paragraph at lines 1076--1076
[]\TU/lmtt/m/n/10 knitr::include_app("https://lindesaysh.shinyapps.io/faithfuls
hiny/", height='600px')[] 
 []

File: StAndrewsTemplate_files/figure-latex/unnamed-chunk-21-1.pdf Graphic file 
(type pdf)
<use StAndrewsTemplate_files/figure-latex/unnamed-chunk-21-1.pdf>
File: StAndrewsTemplate_files/figure-latex/unnamed-chunk-22-1.pdf Graphic file 
(type pdf)
<use StAndrewsTemplate_files/figure-latex/unnamed-chunk-22-1.pdf>
[20] [21]
Underfull \vbox (badness 10000) detected at line 1118
 []


Overfull \hbox (336.25pt too wide) detected at line 1118
[]
 []


Underfull \vbox (badness 10000) detected at line 1118
 []


Overfull \hbox (336.25pt too wide) detected at line 1118
[]
 []


Underfull \vbox (badness 10000) detected at line 1118
 []


Overfull \hbox (336.25pt too wide) detected at line 1118
[]
 []


Underfull \vbox (badness 10000) detected at line 1118
 []


Overfull \hbox (336.25pt too wide) detected at line 1118
[]
 []

Chapter 3.

Underfull \hbox (badness 10000) detected at line 1137
 [][]
 []


Underfull \hbox (badness 10000) detected at line 1137
[][][]
 []

LaTeX Font Info:    Font shape `TU/lmtt/bx/n' in size <10> not available
(Font)              Font shape `TU/lmtt/b/n' tried instead on input line 1143.

Underfull \hbox (badness 10000) detected at line 1163
 [][]
 []


Underfull \hbox (badness 10000) detected at line 1163
[][][]
 []


Underfull \hbox (badness 10000) has occurred while \output is active
 [][][][] 
 []

[22


]
Overfull \hbox (7.28pt too wide) in paragraph at lines 1170--1170
 []\TU/lmtt/m/n/10 opts_chunk$set(cache=F, tidy.opts=list(width.cutoff=55), tid
y=F,[] 
 []


Underfull \hbox (badness 10000) detected at line 1181
 [][]
 []


Underfull \hbox (badness 10000) detected at line 1181
[][][]
 []


Underfull \hbox (badness 10000) detected at line 1194
 [][]
 []


Underfull \hbox (badness 10000) detected at line 1194
[][][]
 []


Underfull \hbox (badness 10000) detected at line 1210
 [][]
 []


Underfull \hbox (badness 10000) detected at line 1210
[][][]
 []

[23] [24]
Underfull \hbox (badness 1715) in paragraph at lines 1291--1294
\TU/lmss/m/n/10 PDF. Currently it simply calls \TU/lmtt/m/n/10 \printindex \TU/
lmss/m/n/10 to generate a linked in-
 []

[25]
Underfull \hbox (badness 10000) detected at line 1347
 [][]
 []


Underfull \hbox (badness 10000) detected at line 1347
[][][]
 []

LaTeX Font Info:    Font shape `TU/latinmodern-math.otf(1)/m/n' will be
(Font)              scaled to size 8.24133pt on input line 1348.
LaTeX Font Info:    Font shape `TU/latinmodern-math.otf(1)/m/n' will be
(Font)              scaled to size 6.181pt on input line 1348.
LaTeX Font Info:    Font shape `TU/latinmodern-math.otf(2)/m/n' will be
(Font)              scaled to size 8.24207pt on input line 1348.
LaTeX Font Info:    Font shape `TU/latinmodern-math.otf(2)/m/n' will be
(Font)              scaled to size 6.18155pt on input line 1348.
LaTeX Font Info:    Font shape `TU/latinmodern-math.otf(3)/m/n' will be
(Font)              scaled to size 8.24048pt on input line 1348.
LaTeX Font Info:    Font shape `TU/latinmodern-math.otf(3)/m/n' will be
(Font)              scaled to size 6.18036pt on input line 1348.

Underfull \hbox (badness 10000) detected at line 1351
 [][]
 []


Underfull \hbox (badness 10000) detected at line 1351
[][][]
 []


Underfull \hbox (badness 10000) detected at line 1353
 [][]
 []


Underfull \hbox (badness 10000) detected at line 1353
[][][]
 []


Underfull \hbox (badness 10000) detected at line 1356
 [][]
 []


Underfull \hbox (badness 10000) detected at line 1356
[][][]
 []


Underfull \hbox (badness 10000) detected at line 1358
 [][]
 []


Underfull \hbox (badness 10000) detected at line 1358
[][][]
 []


Underfull \hbox (badness 10000) detected at line 1360
 [][]
 []


Underfull \hbox (badness 10000) detected at line 1360
[][][]
 []

[26]
Underfull \vbox (badness 10000) detected at line 1368
 []


Overfull \hbox (336.25pt too wide) detected at line 1368
[]
 []


Underfull \vbox (badness 10000) detected at line 1368
 []


Overfull \hbox (336.25pt too wide) detected at line 1368
[]
 []


Underfull \vbox (badness 10000) detected at line 1368
 []


Overfull \hbox (336.25pt too wide) detected at line 1368
[]
 []


Underfull \vbox (badness 10000) detected at line 1368
 []


Overfull \hbox (336.25pt too wide) detected at line 1368
[]
 []

Appendix A.
File: StAndrewsTemplate_files/figure-latex/unnamed-chunk-27-1.pdf Graphic file 
(type pdf)
<use StAndrewsTemplate_files/figure-latex/unnamed-chunk-27-1.pdf>

Underfull \hbox (badness 10000) has occurred while \output is active
 [][][][] 
 []

[27


]
File: StAndrewsTemplate_files/figure-latex/unnamed-chunk-28-1.pdf Graphic file 
(type pdf)
<use StAndrewsTemplate_files/figure-latex/unnamed-chunk-28-1.pdf>

Underfull \hbox (badness 1072) in paragraph at lines 1417--1419
\TU/lmss/m/n/10 between the two variables.
 []

File: StAndrewsTemplate_files/figure-latex/unnamed-chunk-29-1.pdf Graphic file 
(type pdf)
<use StAndrewsTemplate_files/figure-latex/unnamed-chunk-29-1.pdf>

Underfull \hbox (badness 1072) in paragraph at lines 1434--1436
\TU/lmss/m/n/10 between the two variables.
 []


Overfull \hbox (5.27034pt too wide) in paragraph at lines 1404--1439
$[]$  $[]$ 
 []

[28] (./StAndrewsTemplate.bbl [29]
Underfull \vbox (badness 10000) detected at line 1
 []


Overfull \hbox (336.25pt too wide) detected at line 1
[]
 []


Underfull \vbox (badness 10000) detected at line 1
 []


Overfull \hbox (336.25pt too wide) detected at line 1
[]
 []


Underfull \vbox (badness 10000) detected at line 1
 []


Overfull \hbox (336.25pt too wide) detected at line 1
[]
 []


Underfull \vbox (badness 10000) detected at line 1
 []


Overfull \hbox (336.25pt too wide) detected at line 1
[]
 []


Underfull \hbox (badness 10000) detected at line 1
[]
 []

) (./StAndrewsTemplate.ind
Underfull \hbox (badness 10000) has occurred while \output is active
 [][][][] 
 []

[30


]
Underfull \hbox (badness 10000) detected at line 1
[]
 []


Package hyperref Warning: The anchor of a bookmark and its parent's must not
(hyperref)                be the same. Added a new anchor on input line 1.


Underfull \hbox (badness 10000) has occurred while \output is active
 [][][][] 
 []

[31



])
The property list \polyglossia@langsetup contains the pairs (without outer
braces):
>  {latex/script}  =>  {latin}
>  {latex/lcscript}  =>  {latin}
>  {latex/scripttag}  =>  {}
>  {latex/language}  =>  {Latex}
>  {latex/langtag}  =>  {ENG}
>  {latex/bcp47}  =>  {}
>  {latex/hyphennames}  =>  {english}
>  {latex/direction}  =>  {LR}
>  {latex/hyphenmins}  =>  {2,3}
>  {latex/frenchspacing}  =>  {false}
>  {latex/indentfirst}  =>  {false}
>  {latex/fontsetup}  =>  {true}
>  {latex/envname}  =>  {latex}
>  {latex/babelname}  =>  {latex}
>  {latex/localnumeral}  =>  {polyglossia@C@localnumeral}
>  {latex/Localnumeral}  =>  {polyglossia@C@localnumeral}
>  {english/script}  =>  {latin}
>  {english/lcscript}  =>  {latin}
>  {english/scripttag}  =>  {}
>  {english/language}  =>  {English}
>  {english/langtag}  =>  {ENG}
>  {english/bcp47}  =>  {en-GB}
>  {english/hyphennames}  =>  {english,american,usenglish,USenglish}
>  {english/direction}  =>  {LR}
>  {english/hyphenmins}  =>  {2,3}
>  {english/frenchspacing}  =>  {false}
>  {english/indentfirst}  =>  {false}
>  {english/fontsetup}  =>  {true}
>  {english/envname}  =>  {english}
>  {english/babelname}  =>  {british}
>  {english/localnumeral}  =>  {polyglossia@C@localnumeral}
>  {english/Localnumeral}  =>  {polyglossia@C@localnumeral}.
(./StAndrewsTemplate.aux
Package polyglossia Info: Option: english variant=british.
Package polyglossia Info: Option: english variant=british.
LaTeX Info: Redefining \rmfamily on input line 20.
LaTeX Info: Redefining \sffamily on input line 20.
LaTeX Info: Redefining \ttfamily on input line 20.
Package polyglossia Info: Option: english variant=british.
Package polyglossia Info: Option: english variant=british.
)
Package rerunfilecheck Info: File `StAndrewsTemplate.out' has not changed.
(rerunfilecheck)             Checksum: 2D666F1E969E6E8B845A93FF275D018D;2849.
 ) 
Here is how much of TeX's memory you used:
 30964 strings out of 478190
 631803 string characters out of 5853235
 1067758 words of memory out of 5000000
 51042 multiletter control sequences out of 15000+600000
 472765 words of font info for 76 fonts, out of 8000000 for 9000
 14 hyphenation exceptions out of 8191
 86i,16n,121p,569b,875s stack positions out of 5000i,500n,10000p,200000b,80000s

Output written on StAndrewsTemplate.pdf (32 pages).
